============================= test session starts =============================
platform win32 -- Python 3.12.1, pytest-8.1.1, pluggy-1.6.0 -- E:\Projects\Jano_assignment\venv\Scripts\python.exe
cachedir: .pytest_cache
rootdir: E:\Projects\Jano_assignment
plugins: anyio-4.12.1, asyncio-0.23.5
asyncio: mode=Mode.STRICT
collecting ... collected 6 items

tests/test_main.py::test_ingest_no_conflicts ERROR                       [ 16%]
tests/test_main.py::test_ingest_dose_mismatch Traceback (most recent call last):
  File "<frozen runpy>", line 198, in _run_module_as_main
  File "<frozen runpy>", line 88, in _run_code
  File "E:\Projects\Jano_assignment\venv\Scripts\pytest.exe\__main__.py", line 7, in <module>
  File "E:\Projects\Jano_assignment\venv\Lib\site-packages\_pytest\config\__init__.py", line 197, in console_main
    code = main()
           ^^^^^^
  File "E:\Projects\Jano_assignment\venv\Lib\site-packages\_pytest\config\__init__.py", line 174, in main
    ret: Union[ExitCode, int] = config.hook.pytest_cmdline_main(
                                ^^^^^^^^^^^^^^^^^^^^^^^^^^^^^^^^
  File "E:\Projects\Jano_assignment\venv\Lib\site-packages\pluggy\_hooks.py", line 512, in __call__
    return self._hookexec(self.name, self._hookimpls.copy(), kwargs, firstresult)
           ^^^^^^^^^^^^^^^^^^^^^^^^^^^^^^^^^^^^^^^^^^^^^^^^^^^^^^^^^^^^^^^^^^^^^^
  File "E:\Projects\Jano_assignment\venv\Lib\site-packages\pluggy\_manager.py", line 120, in _hookexec
    return self._inner_hookexec(hook_name, methods, kwargs, firstresult)
           ^^^^^^^^^^^^^^^^^^^^^^^^^^^^^^^^^^^^^^^^^^^^^^^^^^^^^^^^^^^^^
  File "E:\Projects\Jano_assignment\venv\Lib\site-packages\pluggy\_callers.py", line 167, in _multicall
    raise exception
  File "E:\Projects\Jano_assignment\venv\Lib\site-packages\pluggy\_callers.py", line 121, in _multicall
    res = hook_impl.function(*args)
          ^^^^^^^^^^^^^^^^^^^^^^^^^
  File "E:\Projects\Jano_assignment\venv\Lib\site-packages\_pytest\main.py", line 332, in pytest_cmdline_main
    return wrap_session(config, _main)
           ^^^^^^^^^^^^^^^^^^^^^^^^^^^
  File "E:\Projects\Jano_assignment\venv\Lib\site-packages\_pytest\main.py", line 320, in wrap_session
    config.hook.pytest_sessionfinish(
  File "E:\Projects\Jano_assignment\venv\Lib\site-packages\pluggy\_hooks.py", line 512, in __call__
    return self._hookexec(self.name, self._hookimpls.copy(), kwargs, firstresult)
           ^^^^^^^^^^^^^^^^^^^^^^^^^^^^^^^^^^^^^^^^^^^^^^^^^^^^^^^^^^^^^^^^^^^^^^
  File "E:\Projects\Jano_assignment\venv\Lib\site-packages\pluggy\_manager.py", line 120, in _hookexec
    return self._inner_hookexec(hook_name, methods, kwargs, firstresult)
           ^^^^^^^^^^^^^^^^^^^^^^^^^^^^^^^^^^^^^^^^^^^^^^^^^^^^^^^^^^^^^
  File "E:\Projects\Jano_assignment\venv\Lib\site-packages\pluggy\_callers.py", line 167, in _multicall
    raise exception
  File "E:\Projects\Jano_assignment\venv\Lib\site-packages\pluggy\_callers.py", line 139, in _multicall
    teardown.throw(exception)
  File "E:\Projects\Jano_assignment\venv\Lib\site-packages\_pytest\logging.py", line 871, in pytest_sessionfinish
    return (yield)
            ^^^^^
  File "E:\Projects\Jano_assignment\venv\Lib\site-packages\pluggy\_callers.py", line 139, in _multicall
    teardown.throw(exception)
  File "E:\Projects\Jano_assignment\venv\Lib\site-packages\_pytest\terminal.py", line 866, in pytest_sessionfinish
    result = yield
             ^^^^^
  File "E:\Projects\Jano_assignment\venv\Lib\site-packages\pluggy\_callers.py", line 139, in _multicall
    teardown.throw(exception)
  File "E:\Projects\Jano_assignment\venv\Lib\site-packages\_pytest\warnings.py", line 140, in pytest_sessionfinish
    return (yield)
            ^^^^^
  File "E:\Projects\Jano_assignment\venv\Lib\site-packages\pluggy\_callers.py", line 121, in _multicall
    res = hook_impl.function(*args)
          ^^^^^^^^^^^^^^^^^^^^^^^^^
  File "E:\Projects\Jano_assignment\venv\Lib\site-packages\_pytest\runner.py", line 109, in pytest_sessionfinish
    session._setupstate.teardown_exact(None)
  File "E:\Projects\Jano_assignment\venv\Lib\site-packages\_pytest\runner.py", line 555, in teardown_exact
    raise exceptions[0]
  File "E:\Projects\Jano_assignment\venv\Lib\site-packages\_pytest\runner.py", line 544, in teardown_exact
    fin()
  File "E:\Projects\Jano_assignment\venv\Lib\site-packages\_pytest\fixtures.py", line 1046, in finish
    raise exceptions[0]
  File "E:\Projects\Jano_assignment\venv\Lib\site-packages\_pytest\fixtures.py", line 1035, in finish
    fin()
  File "E:\Projects\Jano_assignment\venv\Lib\site-packages\pytest_asyncio\plugin.py", line 345, in finalizer
    event_loop.run_until_complete(async_finalizer())
  File "C:\Users\krish\AppData\Local\Programs\Python\Python312\Lib\asyncio\base_events.py", line 684, in run_until_complete
    return future.result()
           ^^^^^^^^^^^^^^^
  File "E:\Projects\Jano_assignment\venv\Lib\site-packages\pytest_asyncio\plugin.py", line 337, in async_finalizer
    await gen_obj.__anext__()
  File "E:\Projects\Jano_assignment\tests\conftest.py", line 20, in test_db
    async def clear_db(test_db):
              ^^^^^^^^^^^^^^^^^^^
  File "E:\Projects\Jano_assignment\venv\Lib\site-packages\motor\metaprogramming.py", line 75, in method
    return framework.run_on_executor(
           ^^^^^^^^^^^^^^^^^^^^^^^^^^
  File "E:\Projects\Jano_assignment\venv\Lib\site-packages\motor\frameworks\asyncio\__init__.py", line 85, in run_on_executor
    return loop.run_in_executor(_EXECUTOR, functools.partial(fn, *args, **kwargs))
           ^^^^^^^^^^^^^^^^^^^^^^^^^^^^^^^^^^^^^^^^^^^^^^^^^^^^^^^^^^^^^^^^^^^^^^^
  File "C:\Users\krish\AppData\Local\Programs\Python\Python312\Lib\asyncio\base_events.py", line 847, in run_in_executor
    self._check_closed()
  File "C:\Users\krish\AppData\Local\Programs\Python\Python312\Lib\asyncio\base_events.py", line 539, in _check_closed
    raise RuntimeError('Event loop is closed')
RuntimeError: Event loop is closed

!!!!!!!!!!!!!!!!!!!!!!!!!!!!!! KeyboardInterrupt !!!!!!!!!!!!!!!!!!!!!!!!!!!!!!
C:\Users\krish\AppData\Local\Programs\Python\Python312\Lib\asyncio\windows_events.py:769: KeyboardInterrupt
(to show a full traceback on KeyboardInterrupt use --full-trace)
